2017-07-26 15:27:49 [@NBPRETAMO001]
Interno #1: Lanzar createinquest
2017-07-26 15:32:57 [2@NBPRETAMO001]
Interno #1: Lanzar watcher
2017-07-26 15:43:38 [2@NBPRETAMO001]
Interno #1: Lanzar ticketrecurrent
2017-07-26 15:47:30 [2@NBPRETAMO001]
Interno #1: Lanzar planningrecall
2017-07-26 15:53:32 [2@NBPRETAMO001]
Interno #1: Lanzar queuedmail
2017-07-26 16:02:00 [2@NBPRETAMO001]
Interno #1: Lanzar queuedmailclean
2017-07-26 16:07:58 [2@NBPRETAMO001]
Interno #1: Lanzar temp
2017-07-26 16:18:18 [2@NBPRETAMO001]
Interno #1: Lanzar mailgateerror
2017-07-26 16:35:20 [2@NBPRETAMO001]
Interno #1: Lanzar contract
2017-07-26 16:49:32 [2@NBPRETAMO001]
Interno #1: Lanzar infocom
2017-07-26 17:09:13 [2@NBPRETAMO001]
Interno #1: Lanzar optimize
2017-07-26 17:42:52 [2@NBPRETAMO001]
Interno #1: Lanzar mailgate
2017-07-26 17:49:36 [2@NBPRETAMO001]
Interno #1: Lanzar session
2017-07-26 18:03:25 [2@NBPRETAMO001]
Interno #1: Lanzar graph
2017-07-26 18:09:48 [2@NBPRETAMO001]
Interno #1: Lanzar reservation
2017-07-26 18:16:16 [2@NBPRETAMO001]
Interno #1: Lanzar closeticket
2017-07-26 18:24:31 [2@NBPRETAMO001]
Interno #1: Lanzar alertnotclosed
2017-07-26 18:25:58 [2@NBPRETAMO001]
Interno #1: Lanzar slaticket
2017-07-26 18:32:39 [2@NBPRETAMO001]
Interno #1: Lanzar planningrecall
2017-07-26 18:38:22 [2@NBPRETAMO001]
Interno #1: Lanzar queuedmail
2017-07-26 18:48:32 [2@NBPRETAMO001]
Interno #1: Lanzar ticketrecurrent
2017-07-26 19:02:45 [2@NBPRETAMO001]
Interno #1: Lanzar temp
2017-07-26 19:08:58 [2@NBPRETAMO001]
Interno #1: Lanzar mailgate
2017-07-26 19:17:06 [2@NBPRETAMO001]
Interno #1: Lanzar slaticket
2017-07-26 19:24:04 [2@NBPRETAMO001]
Interno #1: Lanzar planningrecall
2017-07-26 19:30:54 [2@NBPRETAMO001]
Interno #1: Lanzar queuedmail
2017-07-26 19:38:28 [2@NBPRETAMO001]
Interno #1: Lanzar graph
2017-07-26 19:47:20 [2@NBPRETAMO001]
Interno #1: Lanzar reservation
2017-07-26 19:59:41 [2@NBPRETAMO001]
Interno #1: Lanzar mailgate
2017-07-26 21:26:16 [2@NBPRETAMO001]
Interno #1: Lanzar slaticket
2017-07-26 21:33:37 [2@NBPRETAMO001]
Interno #1: Lanzar planningrecall
2017-07-26 21:38:48 [2@NBPRETAMO001]
Interno #1: Lanzar queuedmail
2017-07-26 21:47:32 [2@NBPRETAMO001]
Interno #1: Lanzar ticketrecurrent
2017-07-26 21:54:26 [2@NBPRETAMO001]
Interno #1: Lanzar temp
2017-07-26 22:04:35 [2@NBPRETAMO001]
Interno #1: Lanzar mailgate
2017-07-26 22:06:59 [@NBPRETAMO001]
Interno #1: Lanzar graph
2017-07-26 22:08:23 [@NBPRETAMO001]
Interno #1: Lanzar reservation
2017-07-26 22:13:39 [2@NBPRETAMO001]
Interno #1: Lanzar slaticket
2017-07-26 22:21:26 [2@NBPRETAMO001]
Interno #1: Lanzar planningrecall
2017-07-26 22:33:58 [2@NBPRETAMO001]
Interno #1: Lanzar queuedmail
2017-07-26 23:13:41 [2@NBPRETAMO001]
Interno #1: Lanzar mailgate
2017-07-26 23:19:06 [2@NBPRETAMO001]
Interno #1: Lanzar slaticket
2017-07-26 23:37:45 [2@NBPRETAMO001]
Interno #1: Lanzar planningrecall
2017-07-26 23:42:44 [2@NBPRETAMO001]
Interno #1: Lanzar queuedmail
2017-07-26 23:45:34 [@NBPRETAMO001]
Interno #1: Lanzar ticketrecurrent
2017-07-26 23:51:43 [4@NBPRETAMO001]
Interno #1: Lanzar temp
2017-07-27 00:04:32 [4@NBPRETAMO001]
Interno #1: Lanzar graph
2017-07-27 00:19:47 [2@NBPRETAMO001]
Interno #1: Lanzar reservation
2017-07-27 00:26:02 [2@NBPRETAMO001]
Interno #1: Lanzar mailgate
2017-07-27 00:31:39 [2@NBPRETAMO001]
Interno #1: Lanzar slaticket
2017-07-27 14:53:35 [@NBPRETAMO001]
Interno #1: Lanzar planningrecall
2017-07-27 15:04:14 [2@NBPRETAMO001]
Interno #1: Lanzar queuedmail
2017-07-27 15:16:08 [2@NBPRETAMO001]
Interno #1: Lanzar mailgate
2017-07-27 15:58:47 [2@NBPRETAMO001]
Interno #1: Lanzar slaticket
2017-07-27 16:43:33 [2@NBPRETAMO001]
Interno #1: Lanzar ticketrecurrent
2017-07-27 17:12:25 [2@NBPRETAMO001]
Interno #1: Lanzar temp
2017-07-27 17:17:05 [2@NBPRETAMO001]
Interno #1: Lanzar graph
2017-07-27 17:22:38 [2@NBPRETAMO001]
Interno #1: Lanzar reservation
2017-07-27 17:30:13 [2@NBPRETAMO001]
Interno #1: Lanzar closeticket
2017-07-27 17:35:17 [2@NBPRETAMO001]
Interno #1: Lanzar alertnotclosed
2017-07-27 18:09:25 [2@NBPRETAMO001]
Interno #1: Lanzar planningrecall
2017-07-27 18:17:05 [2@NBPRETAMO001]
Interno #1: Lanzar queuedmail
2017-07-27 18:22:13 [2@NBPRETAMO001]
Interno #1: Lanzar mailgate
2017-07-27 18:27:46 [2@NBPRETAMO001]
Interno #1: Lanzar createinquest
2017-07-27 18:44:14 [2@NBPRETAMO001]
Interno #1: Lanzar watcher
2017-07-27 18:44:43 [@NBPRETAMO001]
Interno #1: Lanzar queuedmailclean
2017-07-27 18:52:54 [2@NBPRETAMO001]
Interno #1: Lanzar slaticket
2017-07-27 18:58:20 [2@NBPRETAMO001]
Interno #1: Lanzar mailgateerror
2017-07-27 19:03:37 [2@NBPRETAMO001]
Interno #1: Lanzar contract
2017-07-27 19:19:09 [2@NBPRETAMO001]
Interno #1: Lanzar infocom
2017-07-27 19:32:39 [2@NBPRETAMO001]
Interno #1: Lanzar ticketrecurrent
2017-07-27 19:37:43 [2@NBPRETAMO001]
Interno #1: Lanzar session
2017-07-27 19:40:09 [@NBPRETAMO001]
Interno #1: Lanzar temp
2017-07-27 19:57:33 [2@NBPRETAMO001]
Interno #1: Lanzar planningrecall
2017-07-27 20:05:39 [2@NBPRETAMO001]
Interno #1: Lanzar graph
2017-07-27 20:14:11 [2@NBPRETAMO001]
Interno #1: Lanzar queuedmail
2017-07-27 20:20:17 [2@NBPRETAMO001]
Interno #1: Lanzar reservation
2017-07-27 20:27:36 [2@NBPRETAMO001]
Interno #1: Lanzar mailgate
2017-07-27 22:16:59 [@NBPRETAMO001]
Interno #1: Lanzar slaticket
2017-07-27 22:36:16 [2@NBPRETAMO001]
Interno #1: Lanzar planningrecall
2017-07-27 22:41:03 [@NBPRETAMO001]
Interno #1: Lanzar queuedmail
2017-07-27 22:47:20 [2@NBPRETAMO001]
Interno #1: Lanzar ticketrecurrent
2017-07-27 22:48:37 [2@NBPRETAMO001]
Interno #1: Lanzar mailgate
2017-07-27 22:57:34 [2@NBPRETAMO001]
Interno #1: Lanzar temp
2017-07-27 23:36:18 [2@NBPRETAMO001]
Interno #1: Lanzar graph
2017-07-27 23:48:32 [2@NBPRETAMO001]
Interno #1: Lanzar reservation
2017-07-28 00:05:27 [2@NBPRETAMO001]
Interno #1: Lanzar slaticket
2017-07-28 00:11:07 [2@NBPRETAMO001]
Interno #1: Lanzar planningrecall
2017-07-28 14:45:01 [@NBPRETAMO001]
Interno #1: Lanzar queuedmail
2017-07-28 14:52:53 [2@NBPRETAMO001]
Interno #1: Lanzar mailgate
2017-07-28 15:00:12 [2@NBPRETAMO001]
Interno #1: Lanzar ticketrecurrent
2017-07-28 16:12:54 [2@NBPRETAMO001]
Interno #1: Lanzar temp
