2017-07-26 15:27:53 [2@NBPRETAMO001]
[login] 3: glpi login desde IP ::1
2017-07-26 15:47:33 [2@NBPRETAMO001]
[login] 3: glpi login desde IP ::1
2017-07-26 22:07:04 [@NBPRETAMO001]
[login] 3: r.marin login desde IP ::1
2017-07-26 22:08:27 [@NBPRETAMO001]
[login] 3: glpi login desde IP ::1
2017-07-26 23:13:46 [2@NBPRETAMO001]
[login] 3: glpi login desde IP ::1
2017-07-26 23:45:39 [4@NBPRETAMO001]
[login] 3: tech login desde IP ::1
2017-07-26 23:51:50 [4@NBPRETAMO001]
[login] 3: tech login desde IP ::1
2017-07-27 00:04:58 [4@NBPRETAMO001]
[login] 3: glpi login desde IP ::1
2017-07-27 14:54:16 [@NBPRETAMO001]
[login] 3: glpi login desde IP ::1
2017-07-27 17:17:11 [2@NBPRETAMO001]
[login] 3: glpi login desde IP ::1
2017-07-27 18:44:29 [2@NBPRETAMO001]
[login] 3: Login fallido de glpi desde IP ::1
2017-07-27 18:44:51 [@NBPRETAMO001]
[login] 3: glpi login desde IP ::1
2017-07-27 19:40:12 [@NBPRETAMO001]
[login] 3: glpi login desde IP ::1
2017-07-27 22:17:05 [@NBPRETAMO001]
[login] 3: glpi login desde IP ::1
2017-07-27 22:41:07 [@NBPRETAMO001]
[login] 3: glpi login desde IP ::1
2017-07-27 22:51:58 [2@NBPRETAMO001]
[login] 3: glpi login desde IP ::1
2017-07-28 14:45:09 [@NBPRETAMO001]
[login] 3: glpi login desde IP ::1
