2017-07-26 15:27:53 [2@NBPRETAMO001]
[login] 3: glpi login desde IP ::1
2017-07-26 15:47:33 [2@NBPRETAMO001]
[login] 3: glpi login desde IP ::1
2017-07-26 22:07:04 [@NBPRETAMO001]
[login] 3: r.marin login desde IP ::1
2017-07-26 22:08:27 [@NBPRETAMO001]
[login] 3: glpi login desde IP ::1
2017-07-26 23:13:46 [2@NBPRETAMO001]
[login] 3: glpi login desde IP ::1
2017-07-26 23:45:39 [4@NBPRETAMO001]
[login] 3: tech login desde IP ::1
2017-07-26 23:51:50 [4@NBPRETAMO001]
[login] 3: tech login desde IP ::1
2017-07-27 00:04:58 [4@NBPRETAMO001]
[login] 3: glpi login desde IP ::1
2017-07-27 14:54:16 [@NBPRETAMO001]
[login] 3: glpi login desde IP ::1
2017-07-27 17:17:11 [2@NBPRETAMO001]
[login] 3: glpi login desde IP ::1
